d:\onedrive\documentos\projects\speech_recognition\praat\praat\praatvs\x64\debug\case.obj
d:\onedrive\documentos\projects\speech_recognition\praat\praat\praatvs\x64\debug\categories.obj
d:\onedrive\documentos\projects\speech_recognition\praat\praat\praatvs\x64\debug\common.obj
d:\onedrive\documentos\projects\speech_recognition\praat\praat\praatvs\x64\debug\compiledict.obj
d:\onedrive\documentos\projects\speech_recognition\praat\praat\praatvs\x64\debug\compilembrola.obj
d:\onedrive\documentos\projects\speech_recognition\praat\praat\praatvs\x64\debug\encoding.obj
d:\onedrive\documentos\projects\speech_recognition\praat\praat\praatvs\x64\debug\espeak_api.obj
d:\onedrive\documentos\projects\speech_recognition\praat\praat\praatvs\x64\debug\espeak_command.obj
d:\onedrive\documentos\projects\speech_recognition\praat\praat\praatvs\x64\debug\intonation.obj
d:\onedrive\documentos\projects\speech_recognition\praat\praat\praatvs\x64\debug\ipaserifregularps.obj
d:\onedrive\documentos\projects\speech_recognition\praat\praat\praatvs\x64\debug\langopts.obj
d:\onedrive\documentos\projects\speech_recognition\praat\praat\praatvs\x64\debug\mnemonics.obj
d:\onedrive\documentos\projects\speech_recognition\praat\praat\praatvs\x64\debug\numbers.obj
d:\onedrive\documentos\projects\speech_recognition\praat\praat\praatvs\x64\debug\phonemelist.obj
d:\onedrive\documentos\projects\speech_recognition\praat\praat\praatvs\x64\debug\proplist.obj
d:\onedrive\documentos\projects\speech_recognition\praat\praat\praatvs\x64\debug\setlengths.obj
d:\onedrive\documentos\projects\speech_recognition\praat\praat\praatvs\x64\debug\synthesize.obj
d:\onedrive\documentos\projects\speech_recognition\praat\praat\praatvs\x64\debug\synth_mbrola.obj
d:\onedrive\documentos\projects\speech_recognition\praat\praat\praatvs\x64\debug\translate.obj
d:\onedrive\documentos\projects\speech_recognition\praat\praat\praatvs\x64\debug\translateword.obj
d:\onedrive\documentos\projects\speech_recognition\praat\praat\praatvs\x64\debug\tr_languages.obj
d:\onedrive\documentos\projects\speech_recognition\praat\praat\praatvs\x64\debug\vorbis_window.obj
d:\onedrive\documentos\projects\speech_recognition\praat\praat\praatvs\x64\debug\vc143.idb
d:\onedrive\documentos\projects\speech_recognition\praat\praat\praatvs\x64\debug\vc143.pdb
d:\onedrive\documentos\projects\speech_recognition\praat\praat\praatvs\x64\debug\praatvs.tlog\cl.command.1.tlog
